<?xml version="1.0" encoding="UTF-8"?>
<!-- Generated by org.testng.reporters.JUnitReportReporter -->
<testsuite ignored="0" hostname="rnc-Ideapad-Z570" failures="0" tests="1" name="first.First_java" time="23.076" errors="0" timestamp="30 May 2023 15:36:03 GMT" skipped="0">
  <testcase classname="first.First_java" name="test1" time="23.076"/>
</testsuite> <!-- first.First_java -->
