<?xml version="1.0" encoding="UTF-8"?>
<!-- Generated by org.testng.reporters.JUnitReportReporter -->
<testsuite hostname="rnc-Ideapad-Z570" failures="0" tests="1" name="first.First_java" time="105.979" errors="0" timestamp="2023-05-31T01:41:48 IST" skipped="0">
  <testcase classname="first.First_java" name="main" time="105.979"/>
  <system-out/>
</testsuite> <!-- first.First_java -->
